INFO:root: Epoch :1 batch :1 Train accuracy :0.1015625
INFO:root: Epoch :1 batch :2 Train accuracy :0.09375
INFO:root: Epoch :1 batch :3 Train accuracy :0.10546875
INFO:root: Epoch :1 batch :4 Train accuracy :0.091796875
INFO:root: Epoch :1 batch :5 Train accuracy :0.1171875
INFO:root: Epoch :1 batch :6 Train accuracy :0.109375
INFO:root: Epoch :1 batch :7 Train accuracy :0.076171875
INFO:root: Epoch :1 batch :8 Train accuracy :0.09765625
INFO:root: Epoch :1 batch :9 Train accuracy :0.119140625
INFO:root: Epoch :1 batch :10 Train accuracy :0.099609375
INFO:root: Epoch :1 batch :11 Train accuracy :0.13085938
INFO:root: Epoch :1 batch :12 Train accuracy :0.099609375
INFO:root: Epoch :1 batch :13 Train accuracy :0.109375
INFO:root: Epoch :1 batch :14 Train accuracy :0.12109375
INFO:root: Epoch :1 batch :15 Train accuracy :0.107421875
INFO:root: Epoch :1 batch :16 Train accuracy :0.09375
INFO:root: Epoch :1 batch :17 Train accuracy :0.115234375
INFO:root: Epoch :1 batch :18 Train accuracy :0.10546875
INFO:root: Epoch :1 batch :19 Train accuracy :0.1171875
INFO:root: Epoch :1 batch :20 Train accuracy :0.08984375
INFO:root: Epoch :1 batch :21 Train accuracy :0.1171875
INFO:root: Epoch :1 batch :22 Train accuracy :0.111328125
INFO:root: Epoch :1 batch :23 Train accuracy :0.078125
INFO:root: Epoch :1 batch :24 Train accuracy :0.103515625
INFO:root: Epoch :1 batch :25 Train accuracy :0.091796875
INFO:root: Epoch :1 batch :26 Train accuracy :0.095703125
INFO:root: Epoch :1 batch :27 Train accuracy :0.11328125
INFO:root: Epoch :1 batch :28 Train accuracy :0.09375
INFO:root: Epoch :1 batch :29 Train accuracy :0.087890625
INFO:root: Epoch :1 batch :30 Train accuracy :0.08984375
INFO:root: Epoch :1 batch :31 Train accuracy :0.09375
INFO:root: Epoch :1 batch :32 Train accuracy :0.099609375
INFO:root: Epoch :1 batch :33 Train accuracy :0.099609375
INFO:root: Epoch :1 batch :34 Train accuracy :0.099609375
INFO:root: Epoch :1 batch :35 Train accuracy :0.09375
INFO:root: Epoch :1 batch :36 Train accuracy :0.099609375
INFO:root: Epoch :1 batch :37 Train accuracy :0.10546875
INFO:root: Epoch :1 batch :38 Train accuracy :0.10546875
INFO:root: Epoch :1 batch :39 Train accuracy :0.087890625
INFO:root: Epoch :1 batch :40 Train accuracy :0.1875
INFO:root: Full batch Training accuracy Epoch :1 Train accuracy :0.10065
INFO:root: Full batch Test accuracy Epoch :1 Test accuracy :0.10065
INFO:root: Epoch :2 batch :1 Train accuracy :0.095703125
INFO:root: Epoch :2 batch :2 Train accuracy :0.1015625
INFO:root: Epoch :2 batch :3 Train accuracy :0.111328125
INFO:root: Epoch :2 batch :4 Train accuracy :0.09765625
INFO:root: Epoch :2 batch :5 Train accuracy :0.09765625
INFO:root: Epoch :2 batch :6 Train accuracy :0.109375
INFO:root: Epoch :2 batch :7 Train accuracy :0.103515625
INFO:root: Epoch :2 batch :8 Train accuracy :0.095703125
INFO:root: Epoch :2 batch :9 Train accuracy :0.1015625
INFO:root: Epoch :2 batch :10 Train accuracy :0.1171875
INFO:root: Epoch :2 batch :11 Train accuracy :0.091796875
INFO:root: Epoch :2 batch :12 Train accuracy :0.109375
INFO:root: Epoch :2 batch :13 Train accuracy :0.080078125
INFO:root: Epoch :2 batch :14 Train accuracy :0.12109375
INFO:root: Epoch :2 batch :15 Train accuracy :0.099609375
INFO:root: Epoch :2 batch :16 Train accuracy :0.09375
INFO:root: Epoch :2 batch :17 Train accuracy :0.115234375
INFO:root: Epoch :2 batch :18 Train accuracy :0.10546875
INFO:root: Epoch :2 batch :19 Train accuracy :0.1171875
INFO:root: Epoch :2 batch :20 Train accuracy :0.087890625
INFO:root: Epoch :2 batch :21 Train accuracy :0.1171875
INFO:root: Epoch :2 batch :22 Train accuracy :0.109375
INFO:root: Epoch :2 batch :23 Train accuracy :0.078125
INFO:root: Epoch :2 batch :24 Train accuracy :0.103515625
INFO:root: Epoch :2 batch :25 Train accuracy :0.091796875
INFO:root: Epoch :2 batch :26 Train accuracy :0.095703125
INFO:root: Epoch :2 batch :27 Train accuracy :0.11328125
INFO:root: Epoch :2 batch :28 Train accuracy :0.09375
INFO:root: Epoch :2 batch :29 Train accuracy :0.087890625
INFO:root: Epoch :2 batch :30 Train accuracy :0.08984375
INFO:root: Epoch :2 batch :31 Train accuracy :0.09375
INFO:root: Epoch :2 batch :32 Train accuracy :0.099609375
INFO:root: Epoch :2 batch :33 Train accuracy :0.099609375
INFO:root: Epoch :2 batch :34 Train accuracy :0.099609375
INFO:root: Epoch :2 batch :35 Train accuracy :0.09375
INFO:root: Epoch :2 batch :36 Train accuracy :0.099609375
INFO:root: Epoch :2 batch :37 Train accuracy :0.10546875
INFO:root: Epoch :2 batch :38 Train accuracy :0.10546875
INFO:root: Epoch :2 batch :39 Train accuracy :0.087890625
INFO:root: Epoch :2 batch :40 Train accuracy :0.1875
INFO:root: Full batch Training accuracy Epoch :2 Train accuracy :0.1006
INFO:root: Full batch Test accuracy Epoch :2 Test accuracy :0.1006
INFO:root: Epoch :3 batch :1 Train accuracy :0.095703125
INFO:root: Epoch :3 batch :2 Train accuracy :0.1015625
INFO:root: Epoch :3 batch :3 Train accuracy :0.111328125
INFO:root: Epoch :3 batch :4 Train accuracy :0.09765625
INFO:root: Epoch :3 batch :5 Train accuracy :0.09765625
INFO:root: Epoch :3 batch :6 Train accuracy :0.109375
INFO:root: Epoch :3 batch :7 Train accuracy :0.103515625
INFO:root: Epoch :3 batch :8 Train accuracy :0.095703125
INFO:root: Epoch :3 batch :9 Train accuracy :0.1015625
INFO:root: Epoch :3 batch :10 Train accuracy :0.1171875
INFO:root: Epoch :3 batch :11 Train accuracy :0.091796875
INFO:root: Epoch :3 batch :12 Train accuracy :0.109375
INFO:root: Epoch :3 batch :13 Train accuracy :0.080078125
INFO:root: Epoch :3 batch :14 Train accuracy :0.12109375
INFO:root: Epoch :3 batch :15 Train accuracy :0.099609375
INFO:root: Epoch :3 batch :16 Train accuracy :0.09375
INFO:root: Epoch :3 batch :17 Train accuracy :0.111328125
INFO:root: Epoch :3 batch :18 Train accuracy :0.10546875
INFO:root: Epoch :3 batch :19 Train accuracy :0.115234375
INFO:root: Epoch :3 batch :20 Train accuracy :0.08984375
INFO:root: Epoch :3 batch :21 Train accuracy :0.119140625
INFO:root: Epoch :3 batch :22 Train accuracy :0.109375
INFO:root: Epoch :3 batch :23 Train accuracy :0.078125
INFO:root: Epoch :3 batch :24 Train accuracy :0.103515625
INFO:root: Epoch :3 batch :25 Train accuracy :0.095703125
INFO:root: Epoch :3 batch :26 Train accuracy :0.095703125
INFO:root: Epoch :3 batch :27 Train accuracy :0.111328125
INFO:root: Epoch :3 batch :28 Train accuracy :0.103515625
INFO:root: Epoch :3 batch :29 Train accuracy :0.091796875
INFO:root: Epoch :3 batch :30 Train accuracy :0.0859375
INFO:root: Epoch :3 batch :31 Train accuracy :0.09765625
INFO:root: Epoch :3 batch :32 Train accuracy :0.107421875
INFO:root: Epoch :3 batch :33 Train accuracy :0.083984375
INFO:root: Epoch :3 batch :34 Train accuracy :0.087890625
INFO:root: Epoch :3 batch :35 Train accuracy :0.111328125
INFO:root: Epoch :3 batch :36 Train accuracy :0.09375
INFO:root: Epoch :3 batch :37 Train accuracy :0.09765625
INFO:root: Epoch :3 batch :38 Train accuracy :0.111328125
INFO:root: Epoch :3 batch :39 Train accuracy :0.08203125
INFO:root: Epoch :3 batch :40 Train accuracy :0.25
INFO:root: Full batch Training accuracy Epoch :3 Train accuracy :0.10055
INFO:root: Full batch Test accuracy Epoch :3 Test accuracy :0.10055
INFO:root: Epoch :4 batch :1 Train accuracy :0.080078125
INFO:root: Epoch :4 batch :2 Train accuracy :0.11328125
INFO:root: Epoch :4 batch :3 Train accuracy :0.10546875
INFO:root: Epoch :4 batch :4 Train accuracy :0.107421875
INFO:root: Epoch :4 batch :5 Train accuracy :0.107421875
INFO:root: Epoch :4 batch :6 Train accuracy :0.12109375
INFO:root: Epoch :4 batch :7 Train accuracy :0.12695312
INFO:root: Epoch :4 batch :8 Train accuracy :0.09375
INFO:root: Epoch :4 batch :9 Train accuracy :0.125
INFO:root: Epoch :4 batch :10 Train accuracy :0.08984375
INFO:root: Epoch :4 batch :11 Train accuracy :0.08984375
INFO:root: Epoch :4 batch :12 Train accuracy :0.109375
INFO:root: Epoch :4 batch :13 Train accuracy :0.09765625
INFO:root: Epoch :4 batch :14 Train accuracy :0.119140625
INFO:root: Epoch :4 batch :15 Train accuracy :0.08203125
INFO:root: Epoch :4 batch :16 Train accuracy :0.107421875
INFO:root: Epoch :4 batch :17 Train accuracy :0.09375
INFO:root: Epoch :4 batch :18 Train accuracy :0.10546875
INFO:root: Epoch :4 batch :19 Train accuracy :0.125
INFO:root: Epoch :4 batch :20 Train accuracy :0.095703125
INFO:root: Epoch :4 batch :21 Train accuracy :0.09375
INFO:root: Epoch :4 batch :22 Train accuracy :0.111328125
INFO:root: Epoch :4 batch :23 Train accuracy :0.099609375
INFO:root: Epoch :4 batch :24 Train accuracy :0.095703125
INFO:root: Epoch :4 batch :25 Train accuracy :0.1015625
INFO:root: Epoch :4 batch :26 Train accuracy :0.087890625
INFO:root: Epoch :4 batch :27 Train accuracy :0.109375
INFO:root: Epoch :4 batch :28 Train accuracy :0.103515625
INFO:root: Epoch :4 batch :29 Train accuracy :0.109375
INFO:root: Epoch :4 batch :30 Train accuracy :0.083984375
INFO:root: Epoch :4 batch :31 Train accuracy :0.111328125
INFO:root: Epoch :4 batch :32 Train accuracy :0.099609375
INFO:root: Epoch :4 batch :33 Train accuracy :0.10546875
INFO:root: Epoch :4 batch :34 Train accuracy :0.09765625
INFO:root: Epoch :4 batch :35 Train accuracy :0.09765625
INFO:root: Epoch :4 batch :36 Train accuracy :0.09375
INFO:root: Epoch :4 batch :37 Train accuracy :0.08984375
INFO:root: Epoch :4 batch :38 Train accuracy :0.119140625
INFO:root: Epoch :4 batch :39 Train accuracy :0.0859375
INFO:root: Epoch :4 batch :40 Train accuracy :0.15625
INFO:root: Full batch Training accuracy Epoch :4 Train accuracy :0.1019
INFO:root: Full batch Test accuracy Epoch :4 Test accuracy :0.1019
INFO:root: Epoch :5 batch :1 Train accuracy :0.08984375
INFO:root: Epoch :5 batch :2 Train accuracy :0.109375
INFO:root: Epoch :5 batch :3 Train accuracy :0.103515625
INFO:root: Epoch :5 batch :4 Train accuracy :0.09765625
INFO:root: Epoch :5 batch :5 Train accuracy :0.1171875
INFO:root: Epoch :5 batch :6 Train accuracy :0.12109375
INFO:root: Epoch :5 batch :7 Train accuracy :0.1171875
INFO:root: Epoch :5 batch :8 Train accuracy :0.09375
INFO:root: Epoch :5 batch :9 Train accuracy :0.09765625
INFO:root: Epoch :5 batch :10 Train accuracy :0.095703125
INFO:root: Epoch :5 batch :11 Train accuracy :0.107421875
INFO:root: Epoch :5 batch :12 Train accuracy :0.111328125
INFO:root: Epoch :5 batch :13 Train accuracy :0.107421875
INFO:root: Epoch :5 batch :14 Train accuracy :0.095703125
INFO:root: Epoch :5 batch :15 Train accuracy :0.09375
INFO:root: Epoch :5 batch :16 Train accuracy :0.11328125
INFO:root: Epoch :5 batch :17 Train accuracy :0.087890625
INFO:root: Epoch :5 batch :18 Train accuracy :0.11328125
INFO:root: Epoch :5 batch :19 Train accuracy :0.1171875
INFO:root: Epoch :5 batch :20 Train accuracy :0.0859375
INFO:root: Epoch :5 batch :21 Train accuracy :0.107421875
INFO:root: Epoch :5 batch :22 Train accuracy :0.076171875
INFO:root: Epoch :5 batch :23 Train accuracy :0.0859375
INFO:root: Epoch :5 batch :24 Train accuracy :0.1015625
INFO:root: Epoch :5 batch :25 Train accuracy :0.1171875
INFO:root: Epoch :5 batch :26 Train accuracy :0.087890625
INFO:root: Epoch :5 batch :27 Train accuracy :0.119140625
INFO:root: Epoch :5 batch :28 Train accuracy :0.115234375
INFO:root: Epoch :5 batch :29 Train accuracy :0.1015625
INFO:root: Epoch :5 batch :30 Train accuracy :0.078125
INFO:root: Epoch :5 batch :31 Train accuracy :0.1015625
INFO:root: Epoch :5 batch :32 Train accuracy :0.125
INFO:root: Epoch :5 batch :33 Train accuracy :0.08984375
INFO:root: Epoch :5 batch :34 Train accuracy :0.095703125
INFO:root: Epoch :5 batch :35 Train accuracy :0.099609375
INFO:root: Epoch :5 batch :36 Train accuracy :0.095703125
INFO:root: Epoch :5 batch :37 Train accuracy :0.0859375
INFO:root: Epoch :5 batch :38 Train accuracy :0.109375
INFO:root: Epoch :5 batch :39 Train accuracy :0.08203125
INFO:root: Epoch :5 batch :40 Train accuracy :0.125
INFO:root: Full batch Training accuracy Epoch :5 Train accuracy :0.10205
INFO:root: Full batch Test accuracy Epoch :5 Test accuracy :0.10205
INFO:root: Epoch :6 batch :1 Train accuracy :0.08984375
INFO:root: Epoch :6 batch :2 Train accuracy :0.11328125
INFO:root: Epoch :6 batch :3 Train accuracy :0.08984375
INFO:root: Epoch :6 batch :4 Train accuracy :0.10546875
INFO:root: Epoch :6 batch :5 Train accuracy :0.10546875
INFO:root: Epoch :6 batch :6 Train accuracy :0.1171875
INFO:root: Epoch :6 batch :7 Train accuracy :0.12109375
INFO:root: Epoch :6 batch :8 Train accuracy :0.09375
INFO:root: Epoch :6 batch :9 Train accuracy :0.1015625
INFO:root: Epoch :6 batch :10 Train accuracy :0.1015625
INFO:root: Epoch :6 batch :11 Train accuracy :0.103515625
INFO:root: Epoch :6 batch :12 Train accuracy :0.109375
INFO:root: Epoch :6 batch :13 Train accuracy :0.107421875
INFO:root: Epoch :6 batch :14 Train accuracy :0.09375
INFO:root: Epoch :6 batch :15 Train accuracy :0.09765625
INFO:root: Epoch :6 batch :16 Train accuracy :0.119140625
INFO:root: Epoch :6 batch :17 Train accuracy :0.095703125
INFO:root: Epoch :6 batch :18 Train accuracy :0.095703125
INFO:root: Epoch :6 batch :19 Train accuracy :0.1171875
INFO:root: Epoch :6 batch :20 Train accuracy :0.0859375
INFO:root: Epoch :6 batch :21 Train accuracy :0.095703125
INFO:root: Epoch :6 batch :22 Train accuracy :0.115234375
INFO:root: Epoch :6 batch :23 Train accuracy :0.0859375
INFO:root: Epoch :6 batch :24 Train accuracy :0.095703125
INFO:root: Epoch :6 batch :25 Train accuracy :0.099609375
INFO:root: Epoch :6 batch :26 Train accuracy :0.099609375
INFO:root: Epoch :6 batch :27 Train accuracy :0.12695312
INFO:root: Epoch :6 batch :28 Train accuracy :0.109375
INFO:root: Epoch :6 batch :29 Train accuracy :0.099609375
INFO:root: Epoch :6 batch :30 Train accuracy :0.078125
INFO:root: Epoch :6 batch :31 Train accuracy :0.107421875
INFO:root: Epoch :6 batch :32 Train accuracy :0.111328125
INFO:root: Epoch :6 batch :33 Train accuracy :0.103515625
INFO:root: Epoch :6 batch :34 Train accuracy :0.099609375
INFO:root: Epoch :6 batch :35 Train accuracy :0.103515625
INFO:root: Epoch :6 batch :36 Train accuracy :0.08984375
INFO:root: Epoch :6 batch :37 Train accuracy :0.0859375
INFO:root: Epoch :6 batch :38 Train accuracy :0.119140625
INFO:root: Epoch :6 batch :39 Train accuracy :0.083984375
INFO:root: Epoch :6 batch :40 Train accuracy :0.15625
INFO:root: Full batch Training accuracy Epoch :6 Train accuracy :0.10165
INFO:root: Full batch Test accuracy Epoch :6 Test accuracy :0.10165
INFO:root: Epoch :7 batch :1 Train accuracy :0.080078125
INFO:root: Epoch :7 batch :2 Train accuracy :0.109375
INFO:root: Epoch :7 batch :3 Train accuracy :0.1015625
INFO:root: Epoch :7 batch :4 Train accuracy :0.107421875
INFO:root: Epoch :7 batch :5 Train accuracy :0.111328125
INFO:root: Epoch :7 batch :6 Train accuracy :0.11328125
INFO:root: Epoch :7 batch :7 Train accuracy :0.123046875
INFO:root: Epoch :7 batch :8 Train accuracy :0.091796875
INFO:root: Epoch :7 batch :9 Train accuracy :0.099609375
INFO:root: Epoch :7 batch :10 Train accuracy :0.0859375
INFO:root: Epoch :7 batch :11 Train accuracy :0.1015625
INFO:root: Epoch :7 batch :12 Train accuracy :0.10546875
INFO:root: Epoch :7 batch :13 Train accuracy :0.10546875
INFO:root: Epoch :7 batch :14 Train accuracy :0.09765625
INFO:root: Epoch :7 batch :15 Train accuracy :0.08984375
INFO:root: Epoch :7 batch :16 Train accuracy :0.119140625
INFO:root: Epoch :7 batch :17 Train accuracy :0.08984375
INFO:root: Epoch :7 batch :18 Train accuracy :0.103515625
INFO:root: Epoch :7 batch :19 Train accuracy :0.119140625
INFO:root: Epoch :7 batch :20 Train accuracy :0.076171875
INFO:root: Epoch :7 batch :21 Train accuracy :0.099609375
INFO:root: Epoch :7 batch :22 Train accuracy :0.099609375
INFO:root: Epoch :7 batch :23 Train accuracy :0.09765625
INFO:root: Epoch :7 batch :24 Train accuracy :0.099609375
INFO:root: Epoch :7 batch :25 Train accuracy :0.1015625
INFO:root: Epoch :7 batch :26 Train accuracy :0.115234375
INFO:root: Epoch :7 batch :27 Train accuracy :0.12890625
INFO:root: Epoch :7 batch :28 Train accuracy :0.107421875
INFO:root: Epoch :7 batch :29 Train accuracy :0.1015625
INFO:root: Epoch :7 batch :30 Train accuracy :0.0859375
INFO:root: Epoch :7 batch :31 Train accuracy :0.09375
INFO:root: Epoch :7 batch :32 Train accuracy :0.109375
INFO:root: Epoch :7 batch :33 Train accuracy :0.09765625
INFO:root: Epoch :7 batch :34 Train accuracy :0.1015625
INFO:root: Epoch :7 batch :35 Train accuracy :0.1015625
INFO:root: Epoch :7 batch :36 Train accuracy :0.1015625
INFO:root: Epoch :7 batch :37 Train accuracy :0.091796875
INFO:root: Epoch :7 batch :38 Train accuracy :0.111328125
INFO:root: Epoch :7 batch :39 Train accuracy :0.078125
INFO:root: Epoch :7 batch :40 Train accuracy :0.15625
INFO:root: Full batch Training accuracy Epoch :7 Train accuracy :0.10155
INFO:root: Full batch Test accuracy Epoch :7 Test accuracy :0.10155
INFO:root: Epoch :8 batch :1 Train accuracy :0.08984375
INFO:root: Epoch :8 batch :2 Train accuracy :0.1015625
INFO:root: Epoch :8 batch :3 Train accuracy :0.1015625
INFO:root: Epoch :8 batch :4 Train accuracy :0.10546875
INFO:root: Epoch :8 batch :5 Train accuracy :0.109375
INFO:root: Epoch :8 batch :6 Train accuracy :0.1171875
INFO:root: Epoch :8 batch :7 Train accuracy :0.107421875
INFO:root: Epoch :8 batch :8 Train accuracy :0.091796875
INFO:root: Epoch :8 batch :9 Train accuracy :0.095703125
INFO:root: Epoch :8 batch :10 Train accuracy :0.0859375
INFO:root: Epoch :8 batch :11 Train accuracy :0.1015625
INFO:root: Epoch :8 batch :12 Train accuracy :0.10546875
INFO:root: Epoch :8 batch :13 Train accuracy :0.10546875
INFO:root: Epoch :8 batch :14 Train accuracy :0.09765625
INFO:root: Epoch :8 batch :15 Train accuracy :0.08984375
INFO:root: Epoch :8 batch :16 Train accuracy :0.119140625
INFO:root: Epoch :8 batch :17 Train accuracy :0.08984375
INFO:root: Epoch :8 batch :18 Train accuracy :0.1015625
INFO:root: Epoch :8 batch :19 Train accuracy :0.125
INFO:root: Epoch :8 batch :20 Train accuracy :0.076171875
INFO:root: Epoch :8 batch :21 Train accuracy :0.099609375
INFO:root: Epoch :8 batch :22 Train accuracy :0.09765625
INFO:root: Epoch :8 batch :23 Train accuracy :0.111328125
INFO:root: Epoch :8 batch :24 Train accuracy :0.107421875
INFO:root: Epoch :8 batch :25 Train accuracy :0.091796875
INFO:root: Epoch :8 batch :26 Train accuracy :0.09375
INFO:root: Epoch :8 batch :27 Train accuracy :0.1171875
INFO:root: Epoch :8 batch :28 Train accuracy :0.11328125
INFO:root: Epoch :8 batch :29 Train accuracy :0.107421875
INFO:root: Epoch :8 batch :30 Train accuracy :0.0859375
INFO:root: Epoch :8 batch :31 Train accuracy :0.107421875
INFO:root: Epoch :8 batch :32 Train accuracy :0.111328125
INFO:root: Epoch :8 batch :33 Train accuracy :0.091796875
INFO:root: Epoch :8 batch :34 Train accuracy :0.09765625
INFO:root: Epoch :8 batch :35 Train accuracy :0.111328125
INFO:root: Epoch :8 batch :36 Train accuracy :0.095703125
INFO:root: Epoch :8 batch :37 Train accuracy :0.09765625
INFO:root: Epoch :8 batch :38 Train accuracy :0.11328125
INFO:root: Epoch :8 batch :39 Train accuracy :0.08203125
INFO:root: Epoch :8 batch :40 Train accuracy :0.15625
INFO:root: Full batch Training accuracy Epoch :8 Train accuracy :0.1004
INFO:root: Full batch Test accuracy Epoch :8 Test accuracy :0.1004
INFO:root: Epoch :9 batch :1 Train accuracy :0.08203125
INFO:root: Epoch :9 batch :2 Train accuracy :0.09375
INFO:root: Epoch :9 batch :3 Train accuracy :0.103515625
INFO:root: Epoch :9 batch :4 Train accuracy :0.111328125
INFO:root: Epoch :9 batch :5 Train accuracy :0.1171875
INFO:root: Epoch :9 batch :6 Train accuracy :0.125
INFO:root: Epoch :9 batch :7 Train accuracy :0.119140625
INFO:root: Epoch :9 batch :8 Train accuracy :0.083984375
INFO:root: Epoch :9 batch :9 Train accuracy :0.1015625
INFO:root: Epoch :9 batch :10 Train accuracy :0.0859375
INFO:root: Epoch :9 batch :11 Train accuracy :0.1015625
INFO:root: Epoch :9 batch :12 Train accuracy :0.10546875
INFO:root: Epoch :9 batch :13 Train accuracy :0.10546875
INFO:root: Epoch :9 batch :14 Train accuracy :0.09765625
INFO:root: Epoch :9 batch :15 Train accuracy :0.08984375
INFO:root: Epoch :9 batch :16 Train accuracy :0.119140625
INFO:root: Epoch :9 batch :17 Train accuracy :0.083984375
INFO:root: Epoch :9 batch :18 Train accuracy :0.1015625
INFO:root: Epoch :9 batch :19 Train accuracy :0.125
INFO:root: Epoch :9 batch :20 Train accuracy :0.078125
INFO:root: Epoch :9 batch :21 Train accuracy :0.095703125
INFO:root: Epoch :9 batch :22 Train accuracy :0.109375
INFO:root: Epoch :9 batch :23 Train accuracy :0.09375
INFO:root: Epoch :9 batch :24 Train accuracy :0.099609375
INFO:root: Epoch :9 batch :25 Train accuracy :0.11328125
INFO:root: Epoch :9 batch :26 Train accuracy :0.0859375
INFO:root: Epoch :9 batch :27 Train accuracy :0.1328125
INFO:root: Epoch :9 batch :28 Train accuracy :0.109375
INFO:root: Epoch :9 batch :29 Train accuracy :0.111328125
INFO:root: Epoch :9 batch :30 Train accuracy :0.087890625
INFO:root: Epoch :9 batch :31 Train accuracy :0.1171875
INFO:root: Epoch :9 batch :32 Train accuracy :0.1171875
INFO:root: Epoch :9 batch :33 Train accuracy :0.1015625
INFO:root: Epoch :9 batch :34 Train accuracy :0.103515625
INFO:root: Epoch :9 batch :35 Train accuracy :0.10546875
INFO:root: Epoch :9 batch :36 Train accuracy :0.09375
INFO:root: Epoch :9 batch :37 Train accuracy :0.091796875
INFO:root: Epoch :9 batch :38 Train accuracy :0.115234375
INFO:root: Epoch :9 batch :39 Train accuracy :0.078125
INFO:root: Epoch :9 batch :40 Train accuracy :0.21875
INFO:root: Full batch Training accuracy Epoch :9 Train accuracy :0.1022
INFO:root: Full batch Test accuracy Epoch :9 Test accuracy :0.1022
INFO:root: Epoch :10 batch :1 Train accuracy :0.083984375
INFO:root: Epoch :10 batch :2 Train accuracy :0.1015625
INFO:root: Epoch :10 batch :3 Train accuracy :0.08984375
INFO:root: Epoch :10 batch :4 Train accuracy :0.111328125
INFO:root: Epoch :10 batch :5 Train accuracy :0.12109375
INFO:root: Epoch :10 batch :6 Train accuracy :0.09765625
INFO:root: Epoch :10 batch :7 Train accuracy :0.115234375
INFO:root: Epoch :10 batch :8 Train accuracy :0.091796875
INFO:root: Epoch :10 batch :9 Train accuracy :0.115234375
INFO:root: Epoch :10 batch :10 Train accuracy :0.083984375
INFO:root: Epoch :10 batch :11 Train accuracy :0.10546875
INFO:root: Epoch :10 batch :12 Train accuracy :0.107421875
INFO:root: Epoch :10 batch :13 Train accuracy :0.099609375
INFO:root: Epoch :10 batch :14 Train accuracy :0.095703125
INFO:root: Epoch :10 batch :15 Train accuracy :0.083984375
INFO:root: Epoch :10 batch :16 Train accuracy :0.115234375
INFO:root: Epoch :10 batch :17 Train accuracy :0.091796875
INFO:root: Epoch :10 batch :18 Train accuracy :0.087890625
INFO:root: Epoch :10 batch :19 Train accuracy :0.109375
INFO:root: Epoch :10 batch :20 Train accuracy :0.087890625
INFO:root: Epoch :10 batch :21 Train accuracy :0.095703125
INFO:root: Epoch :10 batch :22 Train accuracy :0.12109375
INFO:root: Epoch :10 batch :23 Train accuracy :0.083984375
INFO:root: Epoch :10 batch :24 Train accuracy :0.099609375
INFO:root: Epoch :10 batch :25 Train accuracy :0.099609375
INFO:root: Epoch :10 batch :26 Train accuracy :0.080078125
INFO:root: Epoch :10 batch :27 Train accuracy :0.12695312
INFO:root: Epoch :10 batch :28 Train accuracy :0.109375
INFO:root: Epoch :10 batch :29 Train accuracy :0.083984375
INFO:root: Epoch :10 batch :30 Train accuracy :0.0859375
INFO:root: Epoch :10 batch :31 Train accuracy :0.10546875
INFO:root: Epoch :10 batch :32 Train accuracy :0.123046875
INFO:root: Epoch :10 batch :33 Train accuracy :0.087890625
INFO:root: Epoch :10 batch :34 Train accuracy :0.1015625
INFO:root: Epoch :10 batch :35 Train accuracy :0.1171875
INFO:root: Epoch :10 batch :36 Train accuracy :0.095703125
INFO:root: Epoch :10 batch :37 Train accuracy :0.0859375
INFO:root: Epoch :10 batch :38 Train accuracy :0.109375
INFO:root: Epoch :10 batch :39 Train accuracy :0.09375
INFO:root: Epoch :10 batch :40 Train accuracy :0.21875
INFO:root: Full batch Training accuracy Epoch :10 Train accuracy :0.1017
INFO:root: Full batch Test accuracy Epoch :10 Test accuracy :0.1017
INFO:root:Optimization completed!
INFO:root: Final  Training accuracy  :0.1013
INFO:root: Final Testing accuracy  :0.1028
